Using pre-set license
Built from '2022.3/staging' branch; Version is '2022.3.3f1 (7cdc2969a641) revision 8182825'; Using compiler version '192829333'; Build Type 'Release'
OS: 'Windows 11  (10.0.22621) 64bit Core' Language: 'en' Physical Memory: 32561 MB
BatchMode: 1, IsHumanControllingUs: 0, StartBugReporterOnCrash: 0, Is64bit: 1, IsPro: 1

COMMAND LINE ARGUMENTS:
C:\Program Files\Unity\Hub\Editor\2022.3.3f1\Editor\Unity.exe
-adb2
-batchMode
-noUpm
-name
AssetImportWorker0
-projectPath
C:/Users/Admin/Documents/GitHub/CatLaborStrike
-logFile
Logs/AssetImportWorker0.log
-srvPort
54982
Successfully changed project path to: C:/Users/Admin/Documents/GitHub/CatLaborStrike
C:/Users/Admin/Documents/GitHub/CatLaborStrike
[UnityMemory] Configuration Parameters - Can be set up in boot.config
    "memorysetup-bucket-allocator-granularity=16"
    "memorysetup-bucket-allocator-bucket-count=8"
    "memorysetup-bucket-allocator-block-size=33554432"
    "memorysetup-bucket-allocator-block-count=8"
    "memorysetup-main-allocator-block-size=16777216"
    "memorysetup-thread-allocator-block-size=16777216"
    "memorysetup-gfx-main-allocator-block-size=16777216"
    "memorysetup-gfx-thread-allocator-block-size=16777216"
    "memorysetup-cache-allocator-block-size=4194304"
    "memorysetup-typetree-allocator-block-size=2097152"
    "memorysetup-profiler-bucket-allocator-granularity=16"
    "memorysetup-profiler-bucket-allocator-bucket-count=8"
    "memorysetup-profiler-bucket-allocator-block-size=33554432"
    "memorysetup-profiler-bucket-allocator-block-count=8"
    "memorysetup-profiler-allocator-block-size=16777216"
    "memorysetup-profiler-editor-allocator-block-size=1048576"
    "memorysetup-temp-allocator-size-main=16777216"
    "memorysetup-job-temp-allocator-block-size=2097152"
    "memorysetup-job-temp-allocator-block-size-background=1048576"
    "memorysetup-job-temp-allocator-reduction-small-platforms=262144"
    "memorysetup-allocator-temp-initial-block-size-main=262144"
    "memorysetup-allocator-temp-initial-block-size-worker=262144"
    "memorysetup-temp-allocator-size-background-worker=32768"
    "memorysetup-temp-allocator-size-job-worker=262144"
    "memorysetup-temp-allocator-size-preload-manager=33554432"
    "memorysetup-temp-allocator-size-nav-mesh-worker=65536"
    "memorysetup-temp-allocator-size-audio-worker=65536"
    "memorysetup-temp-allocator-size-cloud-worker=32768"
    "memorysetup-temp-allocator-size-gi-baking-worker=262144"
    "memorysetup-temp-allocator-size-gfx=262144"
Player connection [7408] Host "[IP] 10.1.10.135 [Port] 0 [Flags] 2 [Guid] 3388301805 [EditorId] 3388301805 [Version] 1048832 [Id] WindowsEditor(7,DoubleTrouble) [Debug] 1 [PackageName] WindowsEditor [ProjectName] Editor" joined multi-casting on [225.0.0.222:54997]...

Player connection [7408] Host "[IP] 10.1.10.135 [Port] 0 [Flags] 2 [Guid] 3388301805 [EditorId] 3388301805 [Version] 1048832 [Id] WindowsEditor(7,DoubleTrouble) [Debug] 1 [PackageName] WindowsEditor [ProjectName] Editor" joined alternative multi-casting on [225.0.0.222:34997]...

Refreshing native plugins compatible for Editor in 30.88 ms, found 4 plugins.
Preloading 0 native plugins for Editor in 0.00 ms.
Initialize engine version: 2022.3.3f1 (7cdc2969a641)
[Subsystems] Discovering subsystems at path C:/Program Files/Unity/Hub/Editor/2022.3.3f1/Editor/Data/Resources/UnitySubsystems
[Subsystems] Discovering subsystems at path C:/Users/Admin/Documents/GitHub/CatLaborStrike/Assets
GfxDevice: creating device client; threaded=0; jobified=0
Direct3D:
    Version:  Direct3D 11.0 [level 11.1]
    Renderer: NVIDIA GeForce RTX 2070 with Max-Q Design (ID=0x1f10)
    Vendor:   NVIDIA
    VRAM:     8019 MB
    Driver:   31.0.15.2879
Initialize mono
Mono path[0] = 'C:/Program Files/Unity/Hub/Editor/2022.3.3f1/Editor/Data/Managed'
Mono path[1] = 'C:/Program Files/Unity/Hub/Editor/2022.3.3f1/Editor/Data/MonoBleedingEdge/lib/mono/unityjit-win32'
Mono config path = 'C:/Program Files/Unity/Hub/Editor/2022.3.3f1/Editor/Data/MonoBleedingEdge/etc'
Using monoOptions --debugger-agent=transport=dt_socket,embedding=1,server=y,suspend=n,address=127.0.0.1:56644
Begin MonoManager ReloadAssembly
Registering precompiled unity dll's ...
Register platform support module: C:/Program Files/Unity/Hub/Editor/2022.3.3f1/Editor/Data/PlaybackEngines/WindowsStandaloneSupport/UnityEditor.WindowsStandalone.Extensions.dll
Register platform support module: C:/Program Files/Unity/Hub/Editor/2022.3.3f1/Editor/Data/PlaybackEngines/MetroSupport/UnityEditor.UWP.Extensions.dll
Registered in 0.010083 seconds.
- Loaded All Assemblies, in  0.469 seconds
Native extension for UWP target not found
Native extension for WindowsStandalone target not found
Mono: successfully reloaded assembly
- Finished resetting the current domain, in  0.411 seconds
Domain Reload Profiling: 878ms
	BeginReloadAssembly (123ms)
		ExecutionOrderSort (0ms)
		DisableScriptedObjects (0ms)
		BackupInstance (0ms)
		ReleaseScriptingObjects (0ms)
		CreateAndSetChildDomain (1ms)
	RebuildCommonClasses (44ms)
	RebuildNativeTypeToScriptingClass (14ms)
	initialDomainReloadingComplete (76ms)
	LoadAllAssembliesAndSetupDomain (210ms)
		LoadAssemblies (120ms)
		RebuildTransferFunctionScriptingTraits (0ms)
		AnalyzeDomain (202ms)
			TypeCache.Refresh (201ms)
				TypeCache.ScanAssembly (183ms)
			ScanForSourceGeneratedMonoScriptInfo (1ms)
			ResolveRequiredComponents (1ms)
	FinalizeReload (411ms)
		ReleaseScriptCaches (0ms)
		RebuildScriptCaches (0ms)
		SetupLoadedEditorAssemblies (315ms)
			LogAssemblyErrors (0ms)
			InitializePlatformSupportModulesInManaged (17ms)
			SetLoadedEditorAssemblies (7ms)
			RefreshPlugins (0ms)
			BeforeProcessingInitializeOnLoad (3ms)
			ProcessInitializeOnLoadAttributes (211ms)
			ProcessInitializeOnLoadMethodAttributes (77ms)
			AfterProcessingInitializeOnLoad (0ms)
			EditorAssembliesLoaded (0ms)
		ExecutionOrderSort2 (0ms)
		AwakeInstancesAfterBackupRestoration (0ms)
========================================================================
Worker process is ready to serve import requests
Begin MonoManager ReloadAssembly
Symbol file LoadedFromMemory doesn't match image C:\Users\Admin\Documents\GitHub\CatLaborStrike\Library\PackageCache\com.unity.visualscripting@1.8.0\Editor\VisualScripting.Core\Dependencies\YamlDotNet\Unity.VisualScripting.YamlDotNet.dll
Symbol file LoadedFromMemory doesn't match image C:\Users\Admin\Documents\GitHub\CatLaborStrike\Library\PackageCache\com.unity.visualscripting@1.8.0\Editor\VisualScripting.Core\Dependencies\DotNetZip\Unity.VisualScripting.IonicZip.dll
- Loaded All Assemblies, in  1.296 seconds
Refreshing native plugins compatible for Editor in 10.20 ms, found 4 plugins.
Native extension for UWP target not found
Native extension for WindowsStandalone target not found
Mono: successfully reloaded assembly
- Finished resetting the current domain, in  0.755 seconds
Domain Reload Profiling: 2045ms
	BeginReloadAssembly (200ms)
		ExecutionOrderSort (0ms)
		DisableScriptedObjects (8ms)
		BackupInstance (0ms)
		ReleaseScriptingObjects (0ms)
		CreateAndSetChildDomain (33ms)
	RebuildCommonClasses (47ms)
	RebuildNativeTypeToScriptingClass (13ms)
	initialDomainReloadingComplete (64ms)
	LoadAllAssembliesAndSetupDomain (965ms)
		LoadAssemblies (534ms)
		RebuildTransferFunctionScriptingTraits (0ms)
		AnalyzeDomain (521ms)
			TypeCache.Refresh (476ms)
				TypeCache.ScanAssembly (460ms)
			ScanForSourceGeneratedMonoScriptInfo (36ms)
			ResolveRequiredComponents (9ms)
	FinalizeReload (755ms)
		ReleaseScriptCaches (0ms)
		RebuildScriptCaches (0ms)
		SetupLoadedEditorAssemblies (540ms)
			LogAssemblyErrors (0ms)
			InitializePlatformSupportModulesInManaged (9ms)
			SetLoadedEditorAssemblies (5ms)
			RefreshPlugins (0ms)
			BeforeProcessingInitializeOnLoad (103ms)
			ProcessInitializeOnLoadAttributes (372ms)
			ProcessInitializeOnLoadMethodAttributes (43ms)
			AfterProcessingInitializeOnLoad (8ms)
			EditorAssembliesLoaded (0ms)
		ExecutionOrderSort2 (0ms)
		AwakeInstancesAfterBackupRestoration (8ms)
Launched and connected shader compiler UnityShaderCompiler.exe after 0.07 seconds
Refreshing native plugins compatible for Editor in 10.86 ms, found 4 plugins.
Preloading 0 native plugins for Editor in 0.00 ms.
Unloading 4263 Unused Serialized files (Serialized files now loaded: 0)
Unloading 80 unused Assets / (66.1 KB). Loaded Objects now: 4727.
Memory consumption went from 150.1 MB to 150.0 MB.
Total: 5.208800 ms (FindLiveObjects: 0.452500 ms CreateObjectMapping: 0.582500 ms MarkObjects: 3.990700 ms  DeleteObjects: 0.181600 ms)

AssetImportParameters requested are different than current active one (requested -> active):
  custom:container-demuxer-ogg: 62fdf1f143b41e24485cea50d1cbac27 -> 
  custom:video-codec-MediaFoundation-h265: 746d11721c4dcdbdad8f713fa42b33f4 -> 
  custom:video-decoder-ogg-theora: a1e56fd34408186e4bbccfd4996cb3dc -> 
  custom:framework-win-MediaFoundation: 216162199b28c13a410421893ffa2e32 -> 
  custom:container-demuxer-webm: 4f35f7cbe854078d1ac9338744f61a02 -> 
  custom:container-muxer-webm: aa71ff27fc2769a1b78a27578f13a17b -> 
  custom:video-decoder-webm-vp8: 9c59270c3fd7afecdb556c50c9e8de78 -> 
  custom:AudioImporter_EditorPlatform: d09bf68614088b80899f8185d706f6e7 -> 
  custom:video-encoder-webm-vp8: eb34c28f22e8b96e1ab97ce403110664 -> 
  custom:audio-decoder-ogg-vorbis: bf7c407c2cedff20999df2af8eb42d56 -> 
  custom:audio-encoder-webm-vorbis: bf7c407c2cedff20999df2af8eb42d56 -> 
========================================================================
Received Import Request.
  Time since last request: 452322.203292 seconds.
  path: Assets/Sprites/orin3_leg.png
  artifactKey: Guid(42a6df0b5bf1dd94aa3adaeb365ea86e) Importer(815301076,1909f56bfc062723c751e8b465ee728b)
Start importing Assets/Sprites/orin3_leg.png using Guid(42a6df0b5bf1dd94aa3adaeb365ea86e) Importer(815301076,1909f56bfc062723c751e8b465ee728b)  -> (artifact id: 'b0df02f93a2ab5094b96ff8fe2f84b29') in 0.089155 seconds
Number of updated asset objects reloaded before import = 0
Number of asset objects unloaded after import = 2
========================================================================
Received Import Request.
  Time since last request: 0.000029 seconds.
  path: Assets/Sprites/scott1.png
  artifactKey: Guid(2dd36a078e1a6b24797cfd0f14a6140b) Importer(815301076,1909f56bfc062723c751e8b465ee728b)
Start importing Assets/Sprites/scott1.png using Guid(2dd36a078e1a6b24797cfd0f14a6140b) Importer(815301076,1909f56bfc062723c751e8b465ee728b)  -> (artifact id: '7f9056aab5068a098becee55deae02d6') in 0.020961 seconds
Number of updated asset objects reloaded before import = 0
Number of asset objects unloaded after import = 2
========================================================================
Received Import Request.
  Time since last request: 0.000022 seconds.
  path: Assets/Sprites/scott2.png
  artifactKey: Guid(6f3ad00ee84ef244c948ce69420f5e12) Importer(815301076,1909f56bfc062723c751e8b465ee728b)
Start importing Assets/Sprites/scott2.png using Guid(6f3ad00ee84ef244c948ce69420f5e12) Importer(815301076,1909f56bfc062723c751e8b465ee728b)  -> (artifact id: '14a6109f2622c3e276a3c72e447f3bab') in 0.019547 seconds
Number of updated asset objects reloaded before import = 0
Number of asset objects unloaded after import = 2
========================================================================
Received Import Request.
  Time since last request: 0.000017 seconds.
  path: Assets/Sprites/orin1_leg.png
  artifactKey: Guid(c858b9c47b81fb14a8668c1a98dae423) Importer(815301076,1909f56bfc062723c751e8b465ee728b)
Start importing Assets/Sprites/orin1_leg.png using Guid(c858b9c47b81fb14a8668c1a98dae423) Importer(815301076,1909f56bfc062723c751e8b465ee728b)  -> (artifact id: 'd32edb1f69ceaa7e07a37057862808fc') in 0.007609 seconds
Number of updated asset objects reloaded before import = 0
Number of asset objects unloaded after import = 2
========================================================================
Received Import Request.
  Time since last request: 0.000023 seconds.
  path: Assets/Sprites/fridge1.png
  artifactKey: Guid(dd9f8c7a9a1b7454087c61fc5bf4957c) Importer(815301076,1909f56bfc062723c751e8b465ee728b)
Start importing Assets/Sprites/fridge1.png using Guid(dd9f8c7a9a1b7454087c61fc5bf4957c) Importer(815301076,1909f56bfc062723c751e8b465ee728b)  -> (artifact id: '097955f7fc9c6b09830aca2481888732') in 0.017289 seconds
Number of updated asset objects reloaded before import = 0
Number of asset objects unloaded after import = 2
========================================================================
Received Import Request.
  Time since last request: 0.000018 seconds.
  path: Assets/Sprites/orin2_leg.png
  artifactKey: Guid(935a138ae22cdee4e9d90644e77abb1a) Importer(815301076,1909f56bfc062723c751e8b465ee728b)
Start importing Assets/Sprites/orin2_leg.png using Guid(935a138ae22cdee4e9d90644e77abb1a) Importer(815301076,1909f56bfc062723c751e8b465ee728b)  -> (artifact id: '684c0c3cbe60801a472fb9c0936f0e4c') in 0.010294 seconds
Number of updated asset objects reloaded before import = 0
Number of asset objects unloaded after import = 2
========================================================================
Received Import Request.
  Time since last request: 55.259776 seconds.
  path: Assets/Scenes/Chonk_Main_Menu.unity
  artifactKey: Guid(a1a66b0f657f1c143a2f4ecab7c45a56) Importer(815301076,1909f56bfc062723c751e8b465ee728b)
Start importing Assets/Scenes/Chonk_Main_Menu.unity using Guid(a1a66b0f657f1c143a2f4ecab7c45a56) Importer(815301076,1909f56bfc062723c751e8b465ee728b)  -> (artifact id: '45a8dc3fdc7bbb36a028b1be200bc052') in 0.000645 seconds
Number of updated asset objects reloaded before import = 0
Number of asset objects unloaded after import = 0
========================================================================
Received Import Request.
  Time since last request: 7.234508 seconds.
  path: Assets/Dialogue/dialogue1.yarn
  artifactKey: Guid(3a6e17eed18a14e24bfcc6d17b31d0ee) Importer(815301076,1909f56bfc062723c751e8b465ee728b)
Start importing Assets/Dialogue/dialogue1.yarn using Guid(3a6e17eed18a14e24bfcc6d17b31d0ee) Importer(815301076,1909f56bfc062723c751e8b465ee728b)  -> (artifact id: 'bb1068307e9f8bd98e88d2b7070f86b0') in 0.001160 seconds
Number of updated asset objects reloaded before import = 0
Number of asset objects unloaded after import = 1
========================================================================
Received Import Request.
  Time since last request: 6.437556 seconds.
  path: Assets/Dialogue/dialogue2.yarn
  artifactKey: Guid(00949475c55194d669cba500a1ac665f) Importer(815301076,1909f56bfc062723c751e8b465ee728b)
Start importing Assets/Dialogue/dialogue2.yarn using Guid(00949475c55194d669cba500a1ac665f) Importer(815301076,1909f56bfc062723c751e8b465ee728b)  -> (artifact id: 'ec7fd5e8c7d3eedcebb855c186585dfa') in 0.001029 seconds
Number of updated asset objects reloaded before import = 0
Number of asset objects unloaded after import = 1
========================================================================
Received Import Request.
  Time since last request: 39.112128 seconds.
  path: Assets/Dialogue/dialogue5.yarn
  artifactKey: Guid(e54e89d1f18f4418fa3000dbb171b418) Importer(815301076,1909f56bfc062723c751e8b465ee728b)
Start importing Assets/Dialogue/dialogue5.yarn using Guid(e54e89d1f18f4418fa3000dbb171b418) Importer(815301076,1909f56bfc062723c751e8b465ee728b)  -> (artifact id: '366642afca21b9125e19ed77b6aa550e') in 0.001472 seconds
Number of updated asset objects reloaded before import = 0
Number of asset objects unloaded after import = 1
========================================================================
Received Prepare
Begin MonoManager ReloadAssembly
Symbol file LoadedFromMemory doesn't match image C:\Users\Admin\Documents\GitHub\CatLaborStrike\Library\PackageCache\com.unity.visualscripting@1.8.0\Editor\VisualScripting.Core\Dependencies\YamlDotNet\Unity.VisualScripting.YamlDotNet.dll
Symbol file LoadedFromMemory doesn't match image C:\Users\Admin\Documents\GitHub\CatLaborStrike\Library\PackageCache\com.unity.visualscripting@1.8.0\Editor\VisualScripting.Core\Dependencies\DotNetZip\Unity.VisualScripting.IonicZip.dll
- Loaded All Assemblies, in  1.063 seconds
Refreshing native plugins compatible for Editor in 10.42 ms, found 4 plugins.
Native extension for UWP target not found
Native extension for WindowsStandalone target not found
Mono: successfully reloaded assembly
- Finished resetting the current domain, in  1.376 seconds
Domain Reload Profiling: 2435ms
	BeginReloadAssembly (190ms)
		ExecutionOrderSort (0ms)
		DisableScriptedObjects (13ms)
		BackupInstance (0ms)
		ReleaseScriptingObjects (0ms)
		CreateAndSetChildDomain (58ms)
	RebuildCommonClasses (49ms)
	RebuildNativeTypeToScriptingClass (14ms)
	initialDomainReloadingComplete (52ms)
	LoadAllAssembliesAndSetupDomain (753ms)
		LoadAssemblies (435ms)
		RebuildTransferFunctionScriptingTraits (0ms)
		AnalyzeDomain (393ms)
			TypeCache.Refresh (386ms)
				TypeCache.ScanAssembly (371ms)
			ScanForSourceGeneratedMonoScriptInfo (0ms)
			ResolveRequiredComponents (7ms)
	FinalizeReload (1377ms)
		ReleaseScriptCaches (0ms)
		RebuildScriptCaches (0ms)
		SetupLoadedEditorAssemblies (544ms)
			LogAssemblyErrors (0ms)
			InitializePlatformSupportModulesInManaged (10ms)
			SetLoadedEditorAssemblies (4ms)
			RefreshPlugins (0ms)
			BeforeProcessingInitializeOnLoad (103ms)
			ProcessInitializeOnLoadAttributes (367ms)
			ProcessInitializeOnLoadMethodAttributes (50ms)
			AfterProcessingInitializeOnLoad (10ms)
			EditorAssembliesLoaded (0ms)
		ExecutionOrderSort2 (0ms)
		AwakeInstancesAfterBackupRestoration (23ms)
Refreshing native plugins compatible for Editor in 13.62 ms, found 4 plugins.
Preloading 0 native plugins for Editor in 0.00 ms.
Unloading 4237 Unused Serialized files (Serialized files now loaded: 0)
Unloading 52 unused Assets / (40.4 KB). Loaded Objects now: 4736.
Memory consumption went from 143.8 MB to 143.7 MB.
Total: 4.172800 ms (FindLiveObjects: 0.474200 ms CreateObjectMapping: 0.464100 ms MarkObjects: 3.117200 ms  DeleteObjects: 0.116000 ms)

Prepare: number of updated asset objects reloaded= 0
AssetImportParameters requested are different than current active one (requested -> active):
  custom:container-demuxer-ogg: 62fdf1f143b41e24485cea50d1cbac27 -> 
  custom:video-codec-MediaFoundation-h265: 746d11721c4dcdbdad8f713fa42b33f4 -> 
  custom:video-decoder-ogg-theora: a1e56fd34408186e4bbccfd4996cb3dc -> 
  custom:framework-win-MediaFoundation: 216162199b28c13a410421893ffa2e32 -> 
  custom:container-demuxer-webm: 4f35f7cbe854078d1ac9338744f61a02 -> 
  custom:container-muxer-webm: aa71ff27fc2769a1b78a27578f13a17b -> 
  custom:video-decoder-webm-vp8: 9c59270c3fd7afecdb556c50c9e8de78 -> 
  custom:AudioImporter_EditorPlatform: d09bf68614088b80899f8185d706f6e7 -> 
  custom:video-encoder-webm-vp8: eb34c28f22e8b96e1ab97ce403110664 -> 
  custom:audio-decoder-ogg-vorbis: bf7c407c2cedff20999df2af8eb42d56 -> 
  custom:audio-encoder-webm-vorbis: bf7c407c2cedff20999df2af8eb42d56 -> 
========================================================================
Received Import Request.
  Time since last request: 375.838744 seconds.
  path: Assets/Dialogue
  artifactKey: Guid(63a8af9f20b8b497aa5e15ec936a741c) Importer(815301076,1909f56bfc062723c751e8b465ee728b)
Start importing Assets/Dialogue using Guid(63a8af9f20b8b497aa5e15ec936a741c) Importer(815301076,1909f56bfc062723c751e8b465ee728b)  -> (artifact id: 'd317c949def0e01e5239829db850549f') in 0.003373 seconds
Number of updated asset objects reloaded before import = 0
Number of asset objects unloaded after import = 0
========================================================================
Received Import Request.
  Time since last request: 13.419677 seconds.
  path: Assets/Dialogue/CatLaborDialogue.yarnproject
  artifactKey: Guid(a7b95098b05454073b0b547b29c9fb22) Importer(815301076,1909f56bfc062723c751e8b465ee728b)
Start importing Assets/Dialogue/CatLaborDialogue.yarnproject using Guid(a7b95098b05454073b0b547b29c9fb22) Importer(815301076,1909f56bfc062723c751e8b465ee728b)  -> (artifact id: '8654877b612ae59893a17e03e34bf193') in 0.011756 seconds
Number of updated asset objects reloaded before import = 0
Number of asset objects unloaded after import = 2
========================================================================
Received Import Request.
  Time since last request: 15.745849 seconds.
  path: Assets/Dialogue/level2_dialogue1.yarn
  artifactKey: Guid(e1b33c0b62402f147b963ab500003535) Importer(815301076,1909f56bfc062723c751e8b465ee728b)
Start importing Assets/Dialogue/level2_dialogue1.yarn using Guid(e1b33c0b62402f147b963ab500003535) Importer(815301076,1909f56bfc062723c751e8b465ee728b)  -> (artifact id: 'cbf8d6e4fb174ad1e1d6fbfb92d3a23c') in 0.001153 seconds
Number of updated asset objects reloaded before import = 0
Number of asset objects unloaded after import = 1
========================================================================
Received Import Request.
  Time since last request: 79.817126 seconds.
  path: Assets/Dialogue/level2_dialogue1 1.yarn
  artifactKey: Guid(3b068c14dd213b8418d96ad4717e8e31) Importer(815301076,1909f56bfc062723c751e8b465ee728b)
Start importing Assets/Dialogue/level2_dialogue1 1.yarn using Guid(3b068c14dd213b8418d96ad4717e8e31) Importer(815301076,1909f56bfc062723c751e8b465ee728b)  -> (artifact id: 'b62df9e8a6aa2207a0d2c12caf9d0623') in 0.001311 seconds
Number of updated asset objects reloaded before import = 0
Number of asset objects unloaded after import = 1
========================================================================
Received Import Request.
  Time since last request: 3.363127 seconds.
  path: Assets/Dialogue/level2_dialogue5.yarn
  artifactKey: Guid(3b068c14dd213b8418d96ad4717e8e31) Importer(815301076,1909f56bfc062723c751e8b465ee728b)
Start importing Assets/Dialogue/level2_dialogue5.yarn using Guid(3b068c14dd213b8418d96ad4717e8e31) Importer(815301076,1909f56bfc062723c751e8b465ee728b)  -> (artifact id: '65bdefc841ec28c968483a22fbba63d1') in 0.001153 seconds
Number of updated asset objects reloaded before import = 0
Number of asset objects unloaded after import = 1
========================================================================
Received Import Request.
  Time since last request: 25.752742 seconds.
  path: Assets/Dialogue/level2_dialogue1.yarn
  artifactKey: Guid(e1b33c0b62402f147b963ab500003535) Importer(815301076,1909f56bfc062723c751e8b465ee728b)
Start importing Assets/Dialogue/level2_dialogue1.yarn using Guid(e1b33c0b62402f147b963ab500003535) Importer(815301076,1909f56bfc062723c751e8b465ee728b)  -> (artifact id: 'ffa89df799c83c0e7470c4794a411bfc') in 0.001067 seconds
Number of updated asset objects reloaded before import = 0
Number of asset objects unloaded after import = 1
========================================================================
Received Import Request.
  Time since last request: 3.494546 seconds.
  path: Assets/Dialogue/level2_dialogue1 1.yarn
  artifactKey: Guid(946a89ddea019f14791a4d7280918e98) Importer(815301076,1909f56bfc062723c751e8b465ee728b)
Start importing Assets/Dialogue/level2_dialogue1 1.yarn using Guid(946a89ddea019f14791a4d7280918e98) Importer(815301076,1909f56bfc062723c751e8b465ee728b)  -> (artifact id: '5140276d33a9acb22b79425485bc6b89') in 0.001151 seconds
Number of updated asset objects reloaded before import = 0
Number of asset objects unloaded after import = 1
========================================================================
Received Import Request.
  Time since last request: 5.237920 seconds.
  path: Assets/Dialogue/level2_dialogue_scott.yarn
  artifactKey: Guid(946a89ddea019f14791a4d7280918e98) Importer(815301076,1909f56bfc062723c751e8b465ee728b)
Start importing Assets/Dialogue/level2_dialogue_scott.yarn using Guid(946a89ddea019f14791a4d7280918e98) Importer(815301076,1909f56bfc062723c751e8b465ee728b)  -> (artifact id: '2aa2dfd956e16848b9154d1dc7ff6672') in 0.001138 seconds
Number of updated asset objects reloaded before import = 0
Number of asset objects unloaded after import = 1
